#
# There is insufficient memory for the Java Runtime Environment to continue.
# Native memory allocation (malloc) failed to allocate 32744 bytes for ChunkPool::allocate
# Possible reasons:
#   The system is out of physical RAM or swap space
#   In 32 bit mode, the process size limit was hit
# Possible solutions:
#   Reduce memory load on the system
#   Increase physical memory or swap space
#   Check if swap backing store is full
#   Use 64 bit Java on a 64 bit OS
#   Decrease Java heap size (-Xmx/-Xms)
#   Decrease number of Java threads
#   Decrease Java thread stack sizes (-Xss)
#   Set larger code cache with -XX:ReservedCodeCacheSize=
# This output file may be truncated or incomplete.
#
#  Out of Memory Error (allocation.cpp:273), pid=13044, tid=0x0000000000000ab0
#
# JRE version: OpenJDK Runtime Environment (8.0_152-b06) (build 1.8.0_152-release-1136-b06)
# Java VM: OpenJDK 64-Bit Server VM (25.152-b06 mixed mode windows-amd64 compressed oops)
# Failed to write core dump. Minidumps are not enabled by default on client versions of Windows
#

---------------  T H R E A D  ---------------

Current thread (0x0000000016895000):  JavaThread "C2 CompilerThread1" daemon [_thread_in_native, id=2736, stack(0x0000000018010000,0x0000000018110000)]

Stack: [0x0000000018010000,0x0000000018110000]
[error occurred during error reporting (printing stack bounds), id 0xc0000005]

Native frames: (J=compiled Java code, j=interpreted, Vv=VM code, C=native code)


Current CompileTask:
C2:  94880 11472       4       com.android.tools.r8.graph.JarApplicationReader::getTypeFromDescriptor (38 bytes)


---------------  P R O C E S S  ---------------

Java Threads: ( => current thread )
  0x0000000019b34000 JavaThread "ForkJoinPool.commonPool-worker-3" daemon [_thread_in_native, id=13084, stack(0x00000000261b0000,0x00000000262b0000)]
  0x0000000019b3a800 JavaThread "ForkJoinPool.commonPool-worker-2" daemon [_thread_in_Java, id=2316, stack(0x00000000260b0000,0x00000000261b0000)]
  0x0000000019b33000 JavaThread "ForkJoinPool.commonPool-worker-1" daemon [_thread_in_native, id=792, stack(0x0000000025fb0000,0x00000000260b0000)]
  0x0000000019b30000 JavaThread "Cache worker for Java compile cache (C:\Users\ADMIN\AndroidStudioProjects\MyApplication2\.gradle\4.6\javaCompile)" [_thread_blocked, id=3656, stack(0x0000000025bb0000,0x0000000025cb0000)]
  0x0000000019b3a000 JavaThread "stdout" daemon [_thread_in_native, id=7196, stack(0x00000000258b0000,0x00000000259b0000)]
  0x0000000019b39000 JavaThread "stderr" daemon [_thread_in_native, id=588, stack(0x00000000257b0000,0x00000000258b0000)]
  0x0000000019b38800 JavaThread "stdout" daemon [_thread_in_native, id=10972, stack(0x00000000256b0000,0x00000000257b0000)]
  0x0000000019b37800 JavaThread "stderr" daemon [_thread_in_native, id=14068, stack(0x00000000255b0000,0x00000000256b0000)]
  0x0000000019b37000 JavaThread "stdout" daemon [_thread_in_native, id=3980, stack(0x0000000025380000,0x0000000025480000)]
  0x0000000019b2f800 JavaThread "stderr" daemon [_thread_in_native, id=10520, stack(0x0000000025280000,0x0000000025380000)]
  0x0000000019b36000 JavaThread "pool-3-thread-1" [_thread_blocked, id=1744, stack(0x0000000025180000,0x0000000025280000)]
  0x0000000019b34800 JavaThread "Task worker for ':' Thread 3" [_thread_blocked, id=10688, stack(0x0000000024a80000,0x0000000024b80000)]
  0x0000000019b2d000 JavaThread "Task worker for ':' Thread 2" [_thread_blocked, id=9040, stack(0x00000000238e0000,0x00000000239e0000)]
  0x0000000019b31000 JavaThread "Task worker for ':'" [_thread_blocked, id=8704, stack(0x00000000237e0000,0x00000000238e0000)]
  0x0000000019b32800 JavaThread "Cache worker for Build Output Cleanup Cache (C:\Users\ADMIN\AndroidStudioProjects\MyApplication2\.gradle\buildOutputCleanup)" [_thread_blocked, id=13236, stack(0x00000000236e0000,0x00000000237e0000)]
  0x0000000019b2c000 JavaThread "Cache worker for task history cache (C:\Users\ADMIN\AndroidStudioProjects\MyApplication2\.gradle\4.6\taskHistory)" [_thread_blocked, id=10604, stack(0x00000000235e0000,0x00000000236e0000)]
  0x000000001c12b000 JavaThread "Cache worker for file content cache (C:\Users\ADMIN\AndroidStudioProjects\MyApplication2\.gradle\4.6\fileContent)" [_thread_blocked, id=7584, stack(0x0000000021380000,0x0000000021480000)]
  0x000000001c129800 JavaThread "Memory manager" [_thread_blocked, id=3704, stack(0x0000000020a50000,0x0000000020b50000)]
  0x000000001c12c000 JavaThread "Build operations Thread 4" [_thread_blocked, id=9412, stack(0x0000000020950000,0x0000000020a50000)]
  0x000000001c129000 JavaThread "Build operations Thread 3" [_thread_blocked, id=1428, stack(0x0000000020580000,0x0000000020680000)]
  0x000000001c12d800 JavaThread "Build operations Thread 2" [_thread_blocked, id=3812, stack(0x0000000020480000,0x0000000020580000)]
  0x000000001c12c800 JavaThread "Build operations" [_thread_blocked, id=5936, stack(0x000000001ecc0000,0x000000001edc0000)]
  0x000000001c12a800 JavaThread "Cache worker for Artifact transforms cache (C:\Users\ADMIN\.gradle\caches\transforms-1)" [_thread_blocked, id=4616, stack(0x000000001d730000,0x000000001d830000)]
  0x000000001b68f800 JavaThread "Cache worker for file hash cache (C:\Users\ADMIN\AndroidStudioProjects\MyApplication2\.gradle\4.6\fileHashes)" [_thread_blocked, id=5748, stack(0x000000001c460000,0x000000001c560000)]
  0x00000000198eb800 JavaThread "File lock request listener" [_thread_in_native, id=11972, stack(0x000000001b390000,0x000000001b490000)]
  0x0000000019a49000 JavaThread "Cache worker for file hash cache (C:\Users\ADMIN\.gradle\caches\4.6\fileHashes)" [_thread_blocked, id=10268, stack(0x000000001b290000,0x000000001b390000)]
  0x0000000018b2c000 JavaThread "Asynchronous log dispatcher for DefaultDaemonConnection: socket connection from /127.0.0.1:50419 to /127.0.0.1:50420" [_thread_blocked, id=4512, stack(0x000000001ae90000,0x000000001af90000)]
  0x00000000197da800 JavaThread "Daemon worker" [_thread_blocked, id=10728, stack(0x000000001ad90000,0x000000001ae90000)]
  0x00000000197d9800 JavaThread "Cancel handler" [_thread_blocked, id=2344, stack(0x000000001ac90000,0x000000001ad90000)]
  0x0000000018e8c000 JavaThread "Handler for socket connection from /127.0.0.1:50419 to /127.0.0.1:50420" [_thread_in_native, id=10248, stack(0x000000001a990000,0x000000001aa90000)]
  0x0000000018e8b800 JavaThread "Daemon" [_thread_blocked, id=10096, stack(0x000000001a890000,0x000000001a990000)]
  0x0000000018bf2800 JavaThread "Daemon periodic checks" [_thread_blocked, id=6352, stack(0x000000001a790000,0x000000001a890000)]
  0x0000000018cbb800 JavaThread "Incoming local TCP Connector on port 50419" [_thread_in_native, id=1316, stack(0x000000001a520000,0x000000001a620000)]
  0x00000000168ee800 JavaThread "Service Thread" daemon [_thread_blocked, id=8428, stack(0x0000000018610000,0x0000000018710000)]
  0x00000000168e0800 JavaThread "C1 CompilerThread2" daemon [_thread_in_vm, id=6544, stack(0x0000000018110000,0x0000000018210000)]
=>0x0000000016895000 JavaThread "C2 CompilerThread1" daemon [_thread_in_native, id=2736, stack(0x0000000018010000,0x0000000018110000)]
  0x0000000016890800 JavaThread "C2 CompilerThread0" daemon [_thread_in_native, id=6404, stack(0x0000000017f10000,0x0000000018010000)]
  0x000000001688f800 JavaThread "Attach Listener" daemon [_thread_blocked, id=8920, stack(0x0000000017e10000,0x0000000017f10000)]
  0x000000001688a800 JavaThread "Signal Dispatcher" daemon [_thread_blocked, id=6276, stack(0x0000000017d10000,0x0000000017e10000)]
  0x0000000002f1e000 JavaThread "Finalizer" daemon [_thread_blocked, id=4176, stack(0x0000000017af0000,0x0000000017bf0000)]
  0x0000000002f12000 JavaThread "Reference Handler" daemon [_thread_blocked, id=12264, stack(0x00000000179f0000,0x0000000017af0000)]
  0x0000000002e22800 JavaThread "main" [_thread_blocked, id=3964, stack(0x0000000002cc0000,0x0000000002dc0000)]

Other Threads:
  0x0000000016856800 VMThread [stack: 0x00000000178f0000,0x00000000179f0000] [id=12968]
  0x0000000018234800 WatcherThread [stack: 0x0000000018710000,0x0000000018810000] [id=7348]

VM state:not at safepoint (normal execution)

VM Mutex/Monitor currently owned by a thread:  ([mutex/lock_event])
[0x0000000002e201d0] CompiledIC_lock - owner thread: 0x00000000168e0800

Heap:
 PSYoungGen      total 265728K, used 144897K [0x00000000e0000000, 0x00000000f1800000, 0x0000000100000000)
  eden space 243712K, 55% used [0x00000000e0000000,0x00000000e847f048,0x00000000eee00000)
  from space 22016K, 41% used [0x00000000f0280000,0x00000000f0b813d8,0x00000000f1800000)
  to   space 20992K, 0% used [0x00000000eee00000,0x00000000eee00000,0x00000000f0280000)
 ParOldGen       total 151040K, used 38332K [0x00000000a0000000, 0x00000000a9380000, 0x00000000e0000000)
  object space 151040K, 25% used [0x00000000a0000000,0x00000000a256f248,0x00000000a9380000)
 Metaspace       used 73759K, capacity 76527K, committed 76632K, reserved 1116160K
  class space    used 9751K, capacity 10361K, committed 10368K, reserved 1048576K

Card table byte_map: [0x00000000122e0000,0x00000000125f0000] byte_map_base: 0x0000000011de0000

Marking Bits: (ParMarkBitMap*) 0x000000005ec75aa0
 Begin Bits: [0x0000000012bf0000, 0x00000000143f0000)
 End Bits:   [0x00000000143f0000, 0x0000000015bf0000)

Polling page: 0x0000000000bf0000

CodeCache: size=245760Kb used=31570Kb max_used=31615Kb free=214189Kb
 bounds [0x0000000002f20000, 0x0000000004e20000, 0x0000000011f20000]
 total_blobs=10539 nmethods=9699 adapters=750
 compilation: disabled (not enough contiguous free space left)

Compilation events (10 events):
Event: 94.840 Thread 0x00000000168e0800 nmethod 11484 0x0000000004df0ad0 code [0x0000000004df0c20, 0x0000000004df0d30]
Event: 94.844 Thread 0x00000000168e0800 11486       3       com.android.tools.r8.ir.code.IRCode$$Lambda$488/1417007637::applyAsInt (8 bytes)
Event: 94.845 Thread 0x00000000168e0800 nmethod 11486 0x0000000004e14350 code [0x0000000004e144c0, 0x0000000004e14790]
Event: 94.845 Thread 0x00000000168e0800 11487       3       java.util.function.BinaryOperator$$Lambda$107/1916286382::apply (10 bytes)
Event: 94.845 Thread 0x00000000168e0800 nmethod 11487 0x0000000004e1cb50 code [0x0000000004e1ccc0, 0x0000000004e1cfa8]
Event: 94.845 Thread 0x00000000168e0800 11488       3       java.util.function.BinaryOperator::lambda$maxBy$1 (17 bytes)
Event: 94.845 Thread 0x00000000168e0800 nmethod 11488 0x0000000004e1c690 code [0x0000000004e1c800, 0x0000000004e1ca68]
Event: 94.845 Thread 0x00000000168e0800 11491       3       com.android.tools.r8.ir.code.BasicBlock$PhiEquivalence::<init> (5 bytes)
Event: 94.846 Thread 0x00000000168e0800 nmethod 11491 0x0000000004e1f790 code [0x0000000004e1f900, 0x0000000004e1fb70]
Event: 94.846 Thread 0x00000000168e0800 11489       3       com.android.tools.r8.ir.code.BasicBlock::deduplicatePhis (144 bytes)

GC Heap History (10 events):
Event: 30.240 GC heap before
{Heap before GC invocations=11 (full 2):
 PSYoungGen      total 187392K, used 187366K [0x00000000e0000000, 0x00000000ec880000, 0x0000000100000000)
  eden space 174592K, 100% used [0x00000000e0000000,0x00000000eaa80000,0x00000000eaa80000)
  from space 12800K, 99% used [0x00000000eb980000,0x00000000ec5f9a58,0x00000000ec600000)
  to   space 15360K, 0% used [0x00000000eaa80000,0x00000000eaa80000,0x00000000eb980000)
 ParOldGen       total 98304K, used 21501K [0x00000000a0000000, 0x00000000a6000000, 0x00000000e0000000)
  object space 98304K, 21% used [0x00000000a0000000,0x00000000a14ff4d8,0x00000000a6000000)
 Metaspace       used 56189K, capacity 57875K, committed 58072K, reserved 1099776K
  class space    used 7654K, capacity 8081K, committed 8192K, reserved 1048576K
Event: 30.331 GC heap after
Heap after GC invocations=11 (full 2):
 PSYoungGen      total 189952K, used 15350K [0x00000000e0000000, 0x00000000ef400000, 0x0000000100000000)
  eden space 174592K, 0% used [0x00000000e0000000,0x00000000e0000000,0x00000000eaa80000)
  from space 15360K, 99% used [0x00000000eaa80000,0x00000000eb97d9b0,0x00000000eb980000)
  to   space 21504K, 0% used [0x00000000edf00000,0x00000000edf00000,0x00000000ef400000)
 ParOldGen       total 98304K, used 31902K [0x00000000a0000000, 0x00000000a6000000, 0x00000000e0000000)
  object space 98304K, 32% used [0x00000000a0000000,0x00000000a1f278b0,0x00000000a6000000)
 Metaspace       used 56189K, capacity 57875K, committed 58072K, reserved 1099776K
  class space    used 7654K, capacity 8081K, committed 8192K, reserved 1048576K
}
Event: 32.690 GC heap before
{Heap before GC invocations=12 (full 2):
 PSYoungGen      total 189952K, used 54025K [0x00000000e0000000, 0x00000000ef400000, 0x0000000100000000)
  eden space 174592K, 22% used [0x00000000e0000000,0x00000000e25c4d18,0x00000000eaa80000)
  from space 15360K, 99% used [0x00000000eaa80000,0x00000000eb97d9b0,0x00000000eb980000)
  to   space 21504K, 0% used [0x00000000edf00000,0x00000000edf00000,0x00000000ef400000)
 ParOldGen       total 98304K, used 31902K [0x00000000a0000000, 0x00000000a6000000, 0x00000000e0000000)
  object space 98304K, 32% used [0x00000000a0000000,0x00000000a1f278b0,0x00000000a6000000)
 Metaspace       used 57255K, capacity 58945K, committed 59028K, reserved 1099776K
  class space    used 7782K, capacity 8180K, committed 8192K, reserved 1048576K
Event: 32.758 GC heap after
Heap after GC invocations=12 (full 2):
 PSYoungGen      total 227328K, used 15544K [0x00000000e0000000, 0x00000000efc80000, 0x0000000100000000)
  eden space 205824K, 0% used [0x00000000e0000000,0x00000000e0000000,0x00000000ec900000)
  from space 21504K, 72% used [0x00000000edf00000,0x00000000eee2e1b8,0x00000000ef400000)
  to   space 22528K, 0% used [0x00000000ec900000,0x00000000ec900000,0x00000000edf00000)
 ParOldGen       total 98304K, used 39426K [0x00000000a0000000, 0x00000000a6000000, 0x00000000e0000000)
  object space 98304K, 40% used [0x00000000a0000000,0x00000000a2680818,0x00000000a6000000)
 Metaspace       used 57255K, capacity 58945K, committed 59028K, reserved 1099776K
  class space    used 7782K, capacity 8180K, committed 8192K, reserved 1048576K
}
Event: 32.758 GC heap before
{Heap before GC invocations=13 (full 3):
 PSYoungGen      total 227328K, used 15544K [0x00000000e0000000, 0x00000000efc80000, 0x0000000100000000)
  eden space 205824K, 0% used [0x00000000e0000000,0x00000000e0000000,0x00000000ec900000)
  from space 21504K, 72% used [0x00000000edf00000,0x00000000eee2e1b8,0x00000000ef400000)
  to   space 22528K, 0% used [0x00000000ec900000,0x00000000ec900000,0x00000000edf00000)
 ParOldGen       total 98304K, used 39426K [0x00000000a0000000, 0x00000000a6000000, 0x00000000e0000000)
  object space 98304K, 40% used [0x00000000a0000000,0x00000000a2680818,0x00000000a6000000)
 Metaspace       used 57255K, capacity 58945K, committed 59028K, reserved 1099776K
  class space    used 7782K, capacity 8180K, committed 8192K, reserved 1048576K
Event: 33.352 GC heap after
Heap after GC invocations=13 (full 3):
 PSYoungGen      total 227328K, used 0K [0x00000000e0000000, 0x00000000efc80000, 0x0000000100000000)
  eden space 205824K, 0% used [0x00000000e0000000,0x00000000e0000000,0x00000000ec900000)
  from space 21504K, 0% used [0x00000000edf00000,0x00000000edf00000,0x00000000ef400000)
  to   space 22528K, 0% used [0x00000000ec900000,0x00000000ec900000,0x00000000edf00000)
 ParOldGen       total 151040K, used 38308K [0x00000000a0000000, 0x00000000a9380000, 0x00000000e0000000)
  object space 151040K, 25% used [0x00000000a0000000,0x00000000a2569248,0x00000000a9380000)
 Metaspace       used 57255K, capacity 58945K, committed 59028K, reserved 1099776K
  class space    used 7782K, capacity 8180K, committed 8192K, reserved 1048576K
}
Event: 69.565 GC heap before
{Heap before GC invocations=14 (full 3):
 PSYoungGen      total 227328K, used 204833K [0x00000000e0000000, 0x00000000efc80000, 0x0000000100000000)
  eden space 205824K, 99% used [0x00000000e0000000,0x00000000ec808600,0x00000000ec900000)
  from space 21504K, 0% used [0x00000000edf00000,0x00000000edf00000,0x00000000ef400000)
  to   space 22528K, 0% used [0x00000000ec900000,0x00000000ec900000,0x00000000edf00000)
 ParOldGen       total 151040K, used 38308K [0x00000000a0000000, 0x00000000a9380000, 0x00000000e0000000)
  object space 151040K, 25% used [0x00000000a0000000,0x00000000a2569248,0x00000000a9380000)
 Metaspace       used 65111K, capacity 67001K, committed 67288K, reserved 1107968K
  class space    used 8688K, capacity 9128K, committed 9216K, reserved 1048576K
Event: 69.590 GC heap after
Heap after GC invocations=14 (full 3):
 PSYoungGen      total 228352K, used 12411K [0x00000000e0000000, 0x00000000f1800000, 0x0000000100000000)
  eden space 205824K, 0% used [0x00000000e0000000,0x00000000e0000000,0x00000000ec900000)
  from space 22528K, 55% used [0x00000000ec900000,0x00000000ed51ef48,0x00000000edf00000)
  to   space 22016K, 0% used [0x00000000f0280000,0x00000000f0280000,0x00000000f1800000)
 ParOldGen       total 151040K, used 38324K [0x00000000a0000000, 0x00000000a9380000, 0x00000000e0000000)
  object space 151040K, 25% used [0x00000000a0000000,0x00000000a256d248,0x00000000a9380000)
 Metaspace       used 65111K, capacity 67001K, committed 67288K, reserved 1107968K
  class space    used 8688K, capacity 9128K, committed 9216K, reserved 1048576K
}
Event: 70.993 GC heap before
{Heap before GC invocations=15 (full 3):
 PSYoungGen      total 228352K, used 218235K [0x00000000e0000000, 0x00000000f1800000, 0x0000000100000000)
  eden space 205824K, 100% used [0x00000000e0000000,0x00000000ec900000,0x00000000ec900000)
  from space 22528K, 55% used [0x00000000ec900000,0x00000000ed51ef48,0x00000000edf00000)
  to   space 22016K, 0% used [0x00000000f0280000,0x00000000f0280000,0x00000000f1800000)
 ParOldGen       total 151040K, used 38324K [0x00000000a0000000, 0x00000000a9380000, 0x00000000e0000000)
  object space 151040K, 25% used [0x00000000a0000000,0x00000000a256d248,0x00000000a9380000)
 Metaspace       used 65276K, capacity 67255K, committed 67288K, reserved 1107968K
  class space    used 8711K, capacity 9205K, committed 9216K, reserved 1048576K
Event: 71.017 GC heap after
Heap after GC invocations=15 (full 3):
 PSYoungGen      total 265728K, used 9220K [0x00000000e0000000, 0x00000000f1800000, 0x0000000100000000)
  eden space 243712K, 0% used [0x00000000e0000000,0x00000000e0000000,0x00000000eee00000)
  from space 22016K, 41% used [0x00000000f0280000,0x00000000f0b813d8,0x00000000f1800000)
  to   space 20992K, 0% used [0x00000000eee00000,0x00000000eee00000,0x00000000f0280000)
 ParOldGen       total 151040K, used 38332K [0x00000000a0000000, 0x00000000a9380000, 0x00000000e0000000)
  object space 151040K, 25% used [0x00000000a0000000,0x00000000a256f248,0x00000000a9380000)
 Metaspace       used 65276K, capacity 67255K, committed 67288K, reserved 1107968K
  class space    used 8711K, capacity 9205K, committed 9216K, reserved 1048576K
}

Deoptimization events (10 events):
Event: 92.029 Thread 0x0000000019b3a800 Uncommon trap: reason=array_check action=maybe_recompile pc=0x0000000004a91710 method=java.util.TimSort.binarySort([Ljava/lang/Object;IIILjava/util/Comparator;)V @ 193
Event: 94.093 Thread 0x0000000019b3a800 Uncommon trap: reason=array_check action=maybe_recompile pc=0x0000000004d1db78 method=java.util.TimSort.binarySort([Ljava/lang/Object;IIILjava/util/Comparator;)V @ 215
Event: 94.094 Thread 0x0000000019b3a800 Uncommon trap: reason=array_check action=maybe_recompile pc=0x0000000004d1db78 method=java.util.TimSort.binarySort([Ljava/lang/Object;IIILjava/util/Comparator;)V @ 215
Event: 94.611 Thread 0x0000000019b3a800 Uncommon trap: reason=unstable_if action=reinterpret pc=0x0000000004beaf80 method=com.android.tools.r8.org.objectweb.asm.ClassReader.readUTF8(I[C)Ljava/lang/String; @ 7
Event: 94.675 Thread 0x0000000019b3a800 Uncommon trap: reason=bimorphic action=maybe_recompile pc=0x0000000004d32d34 method=java.util.Iterator.forEachRemaining(Ljava/util/function/Consumer;)V @ 21
Event: 94.710 Thread 0x0000000019b3a800 Uncommon trap: reason=unstable_if action=reinterpret pc=0x0000000004c0ef28 method=com.android.tools.r8.ir.code.IRCodeInstructionsIterator.next()Lcom/android/tools/r8/ir/code/Instruction; @ 9
Event: 94.710 Thread 0x0000000019b3a800 Uncommon trap: reason=unstable_if action=reinterpret pc=0x0000000004c1bda8 method=com.android.tools.r8.ir.code.IRCodeInstructionsIterator.next()Lcom/android/tools/r8/ir/code/Instruction; @ 9
Event: 94.732 Thread 0x0000000019b3a800 Uncommon trap: reason=unstable_if action=reinterpret pc=0x0000000004c6b184 method=com.android.tools.r8.graph.DexString.slowCompareTo(Lcom/android/tools/r8/graph/DexString;)I @ 136
Event: 94.739 Thread 0x0000000019b3a800 Uncommon trap: reason=bimorphic action=maybe_recompile pc=0x0000000004d32d34 method=java.util.Iterator.forEachRemaining(Ljava/util/function/Consumer;)V @ 21
Event: 94.797 Thread 0x0000000019b33000 Uncommon trap: reason=array_check action=maybe_recompile pc=0x0000000004da4774 method=java.util.TimSort.binarySort([Ljava/lang/Object;IIILjava/util/Comparator;)V @ 183

Classes redefined (0 events):
No events

Internal exceptions (10 events):
Event: 94.531 Thread 0x0000000019b33000 Exception <a 'sun/nio/fs/WindowsException'> (0x00000000e70abbf0) thrown at [D:\src\AOSP-openjdk-cygwin\jdk8u\hotspot\src\share\vm\prims\jni.cpp, line 709]
Event: 94.548 Thread 0x0000000019b3a800 Exception <a 'sun/nio/fs/WindowsException'> (0x00000000e725e188) thrown at [D:\src\AOSP-openjdk-cygwin\jdk8u\hotspot\src\share\vm\prims\jni.cpp, line 709]
Event: 94.551 Thread 0x0000000019b34000 Exception <a 'sun/nio/fs/WindowsException'> (0x00000000e718a808) thrown at [D:\src\AOSP-openjdk-cygwin\jdk8u\hotspot\src\share\vm\prims\jni.cpp, line 709]
Event: 94.575 Thread 0x0000000019b34000 Exception <a 'sun/nio/fs/WindowsException'> (0x00000000e718fcb8) thrown at [D:\src\AOSP-openjdk-cygwin\jdk8u\hotspot\src\share\vm\prims\jni.cpp, line 709]
Event: 94.597 Thread 0x0000000019b33000 Exception <a 'sun/nio/fs/WindowsException'> (0x00000000e760e548) thrown at [D:\src\AOSP-openjdk-cygwin\jdk8u\hotspot\src\share\vm\prims\jni.cpp, line 709]
Event: 94.600 Thread 0x0000000019b3a800 Exception <a 'sun/nio/fs/WindowsException'> (0x00000000e75a0ad8) thrown at [D:\src\AOSP-openjdk-cygwin\jdk8u\hotspot\src\share\vm\prims\jni.cpp, line 709]
Event: 94.701 Thread 0x0000000019b33000 Exception <a 'sun/nio/fs/WindowsException'> (0x00000000e7cc6bb8) thrown at [D:\src\AOSP-openjdk-cygwin\jdk8u\hotspot\src\share\vm\prims\jni.cpp, line 709]
Event: 94.712 Thread 0x0000000019b34000 Exception <a 'sun/nio/fs/WindowsException'> (0x00000000e7195a48) thrown at [D:\src\AOSP-openjdk-cygwin\jdk8u\hotspot\src\share\vm\prims\jni.cpp, line 709]
Event: 94.808 Thread 0x0000000019b33000 Exception <a 'sun/nio/fs/WindowsException'> (0x00000000e80fb218) thrown at [D:\src\AOSP-openjdk-cygwin\jdk8u\hotspot\src\share\vm\prims\jni.cpp, line 709]
Event: 94.843 Thread 0x0000000019b34000 Exception <a 'sun/nio/fs/WindowsException'> (0x00000000e719b138) thrown at [D:\src\AOSP-openjdk-cygwin\jdk8u\hotspot\src\share\vm\prims\jni.cpp, line 709]

Events (10 events):
Event: 94.808 Thread 0x0000000019b3a800 DEOPT PACKING pc=0x0000000004dd4d26 sp=0x00000000261adc80
Event: 94.808 Thread 0x0000000019b3a800 DEOPT UNPACKING pc=0x0000000002f675d0 sp=0x00000000261ada28 mode 0
Event: 94.809 Thread 0x0000000019b3a800 DEOPT PACKING pc=0x0000000004dd4d26 sp=0x00000000261adc80
Event: 94.809 Thread 0x0000000019b3a800 DEOPT UNPACKING pc=0x0000000002f675d0 sp=0x00000000261ada28 mode 0
Event: 94.809 Thread 0x0000000019b3a800 DEOPT PACKING pc=0x0000000004dd4d26 sp=0x00000000261adc80
Event: 94.809 Thread 0x0000000019b3a800 DEOPT UNPACKING pc=0x0000000002f675d0 sp=0x00000000261ada28 mode 0
Event: 94.812 Thread 0x0000000019b3a800 DEOPT PACKING pc=0x0000000004dd4d26 sp=0x00000000261adc80
Event: 94.812 Thread 0x0000000019b3a800 DEOPT UNPACKING pc=0x0000000002f675d0 sp=0x00000000261ada28 mode 0
Event: 94.813 Thread 0x0000000019b3a800 DEOPT PACKING pc=0x0000000004dd4d26 sp=0x00000000261adc80
Event: 94.813 Thread 0x0000000019b3a800 DEOPT UNPACKING pc=0x0000000002f675d0 sp=0x00000000261ada28 mode 0


Dynamic libraries:
0x00007ff6acc40000 - 0x00007ff6acc71000 	C:\Program Files\Android\Android Studio\jre\bin\java.exe
0x00007ffa104e0000 - 0x00007ffa106c1000 	C:\WINDOWS\SYSTEM32\ntdll.dll
0x00007ffa0e360000 - 0x00007ffa0e412000 	C:\WINDOWS\System32\KERNEL32.DLL
0x00007ffa0c8b0000 - 0x00007ffa0cb23000 	C:\WINDOWS\System32\KERNELBASE.dll
0x00007ffa103e0000 - 0x00007ffa10481000 	C:\WINDOWS\System32\ADVAPI32.dll
0x00007ffa0dd80000 - 0x00007ffa0de1e000 	C:\WINDOWS\System32\msvcrt.dll
0x00007ffa10210000 - 0x00007ffa1026b000 	C:\WINDOWS\System32\sechost.dll
0x00007ffa0df00000 - 0x00007ffa0e024000 	C:\WINDOWS\System32\RPCRT4.dll
0x00007ffa0fb90000 - 0x00007ffa0fd20000 	C:\WINDOWS\System32\USER32.dll
0x00007ffa0ce50000 - 0x00007ffa0ce70000 	C:\WINDOWS\System32\win32u.dll
0x00007ffa0e420000 - 0x00007ffa0e448000 	C:\WINDOWS\System32\GDI32.dll
0x00007ffa0ccb0000 - 0x00007ffa0ce42000 	C:\WINDOWS\System32\gdi32full.dll
0x00007ffa0cbb0000 - 0x00007ffa0cc4f000 	C:\WINDOWS\System32\msvcp_win.dll
0x00007ffa0ce70000 - 0x00007ffa0cf68000 	C:\WINDOWS\System32\ucrtbase.dll
0x00007ff9fef30000 - 0x00007ff9ff199000 	C:\WINDOWS\WinSxS\amd64_microsoft.windows.common-controls_6595b64144ccf1df_6.0.17134.648_none_fb45a0e93062a6d2\COMCTL32.dll
0x00007ffa0e030000 - 0x00007ffa0e352000 	C:\WINDOWS\System32\combase.dll
0x00007ffa0cb30000 - 0x00007ffa0cbaa000 	C:\WINDOWS\System32\bcryptPrimitives.dll
0x00007ffa101e0000 - 0x00007ffa1020d000 	C:\WINDOWS\System32\IMM32.DLL
0x000000005d940000 - 0x000000005da12000 	C:\Program Files\Android\Android Studio\jre\jre\bin\msvcr100.dll
0x000000005e4b0000 - 0x000000005ecf1000 	C:\Program Files\Android\Android Studio\jre\jre\bin\server\jvm.dll
0x00007ffa0def0000 - 0x00007ffa0def8000 	C:\WINDOWS\System32\PSAPI.DLL
0x00007ffa0a0c0000 - 0x00007ffa0a0e3000 	C:\WINDOWS\SYSTEM32\WINMM.dll
0x00007ffa01000000 - 0x00007ffa01009000 	C:\WINDOWS\SYSTEM32\WSOCK32.dll
0x00007ffa10270000 - 0x00007ffa102dc000 	C:\WINDOWS\System32\WS2_32.dll
0x00007ffa0a090000 - 0x00007ffa0a0ba000 	C:\WINDOWS\SYSTEM32\WINMMBASE.dll
0x00007ffa0cf70000 - 0x00007ffa0cfb9000 	C:\WINDOWS\System32\cfgmgr32.dll
0x00007ff9fdd80000 - 0x00007ff9fdd8a000 	C:\WINDOWS\SYSTEM32\VERSION.dll
0x00007ffa00ff0000 - 0x00007ffa00fff000 	C:\Program Files\Android\Android Studio\jre\jre\bin\verify.dll
0x00007ff9fd7e0000 - 0x00007ff9fd809000 	C:\Program Files\Android\Android Studio\jre\jre\bin\java.dll
0x00007ff9fd7c0000 - 0x00007ff9fd7d6000 	C:\Program Files\Android\Android Studio\jre\jre\bin\zip.dll
0x00007ffa0e450000 - 0x00007ffa0f890000 	C:\WINDOWS\System32\SHELL32.dll
0x00007ffa0db70000 - 0x00007ffa0dc19000 	C:\WINDOWS\System32\shcore.dll
0x00007ffa0d260000 - 0x00007ffa0d96d000 	C:\WINDOWS\System32\windows.storage.dll
0x00007ffa0db10000 - 0x00007ffa0db61000 	C:\WINDOWS\System32\shlwapi.dll
0x00007ffa0c890000 - 0x00007ffa0c8a1000 	C:\WINDOWS\System32\kernel.appcore.dll
0x00007ffa0c810000 - 0x00007ffa0c82f000 	C:\WINDOWS\System32\profapi.dll
0x00007ffa0c840000 - 0x00007ffa0c88c000 	C:\WINDOWS\System32\powrprof.dll
0x00007ffa0c830000 - 0x00007ffa0c83a000 	C:\WINDOWS\System32\FLTLIB.DLL
0x00007ff9fd7a0000 - 0x00007ff9fd7ba000 	C:\Program Files\Android\Android Studio\jre\jre\bin\net.dll
0x00007ffa0bcb0000 - 0x00007ffa0bd16000 	C:\WINDOWS\system32\mswsock.dll
0x00007ff9fc0c0000 - 0x00007ff9fc0d1000 	C:\Program Files\Android\Android Studio\jre\jre\bin\nio.dll
0x00007ff9e8240000 - 0x00007ff9e825e000 	C:\Users\ADMIN\.gradle\native\25\windows-amd64\native-platform.dll
0x00007ffa07e60000 - 0x00007ffa07e6d000 	C:\Program Files\Android\Android Studio\jre\jre\bin\management.dll
0x00007ffa0c4b0000 - 0x00007ffa0c4c7000 	C:\WINDOWS\SYSTEM32\CRYPTSP.dll
0x00007ffa0b890000 - 0x00007ffa0b8c3000 	C:\WINDOWS\system32\rsaenh.dll
0x00007ffa0c240000 - 0x00007ffa0c265000 	C:\WINDOWS\SYSTEM32\bcrypt.dll
0x00007ffa0c6f0000 - 0x00007ffa0c718000 	C:\WINDOWS\SYSTEM32\USERENV.dll
0x00007ffa0be60000 - 0x00007ffa0be6b000 	C:\WINDOWS\SYSTEM32\CRYPTBASE.dll
0x00007ffa0ba30000 - 0x00007ffa0ba68000 	C:\WINDOWS\SYSTEM32\IPHLPAPI.DLL
0x00007ffa101d0000 - 0x00007ffa101d8000 	C:\WINDOWS\System32\NSI.dll
0x00007ffa01200000 - 0x00007ffa01216000 	C:\WINDOWS\SYSTEM32\dhcpcsvc6.DLL
0x00007ffa011e0000 - 0x00007ffa011fa000 	C:\WINDOWS\SYSTEM32\dhcpcsvc.DLL
0x00007ffa0a1b0000 - 0x00007ffa0a23b000 	C:\WINDOWS\system32\apphelp.dll

VM Arguments:
jvm_args: -Xmx1536m -Dfile.encoding=windows-1252 -Duser.country=FR -Duser.language=fr -Duser.variant 
java_command: org.gradle.launcher.daemon.bootstrap.GradleDaemon 4.6
java_class_path (initial): C:\Users\ADMIN\.gradle\wrapper\dists\gradle-4.6-all\bcst21l2brirad8k2ben1letg\gradle-4.6\lib\gradle-launcher-4.6.jar
Launcher Type: SUN_STANDARD

Environment Variables:
JAVA_HOME=C:\Program Files\Java\jdk1.8.0_191
PATH=C:\Program Files (x86)\Python37-32\Scripts\;C:\Program Files (x86)\Python37-32\;C:\Program Files (x86)\Common Files\Oracle\Java\javapath;C:\WINDOWS\system32;C:\WINDOWS;C:\WINDOWS\System32\Wbem;C:\WINDOWS\System32\WindowsPowerShell\v1.0\;C:\Program Files\Git\cmd;C:\Program Files\nodejs\;C:\gradle\gradle-5.0\bin;C:\ToolBox\Maven\apache-maven-3.6.0\bin;C:\WINDOWS\System32\OpenSSH\;C:\Users\ADMIN\AppData\Local\Android\Sdk\platform-tools;C:\Users\ADMIN\AppData\Local\Android\Sdk\tools;C:\Program Files\Java\jdk1.8.0_191;C:\xampp\php;C:\ProgramData\ComposerSetup\bin;C:\Program Files\dotnet\;C:\Program Files\Microsoft SQL Server\130\Tools\Binn\;C:\Program Files (x86)\Microsoft SQL Server\Client SDK\ODBC\130\Tools\Binn\;C:\Program Files (x86)\Microsoft SQL Server\140\Tools\Binn\;C:\Program Files (x86)\Microsoft SQL Server\140\DTS\Binn\;C:\Program Files (x86)\Microsoft SQL Server\140\Tools\Binn\ManagementStudio\;C:\Program Files\Microsoft SQL Server\120\DTS\Binn\;C:\Program Files\Microsoft SQL Server\Client SDK\ODBC\110\Tools\Binn\;C:\Program Files (x86)\Microsoft SQL Server\120\Tools\Binn\;C:\Program Files\Microsoft SQL Server\120\Tools\Binn\;C:\Program Files (x86)\Microsoft SQL Server\120\Tools\Binn\ManagementStudio\;C:\Program Files (x86)\Microsoft SQL Server\120\DTS\Binn\;C:\Program Files\MongoDB\Server\4.0\bin;C:\Users\ADMIN\AppData\Roaming\npm;C:\Users\ADMIN\AppData\Local\Programs\Microsoft VS Code\bin;C:\Program Files\Docker Toolbox;C:\Program Files\JetBrains\IntelliJ IDEA 2018.3.1\bin;;C:\Users\ADMIN\AppData\Local\Microsoft\WindowsApps;C:\Users\ADMIN\AppData\Roaming\Composer\vendor\bin;C:\kube;C:\Users\ADMIN\AppData\Local\Yarn\bin;C:\Program Files (x86)\Yarn\bin;
USERNAME=ADMIN
OS=Windows_NT
PROCESSOR_IDENTIFIER=Intel64 Family 6 Model 69 Stepping 1, GenuineIntel



---------------  S Y S T E M  ---------------

OS: Windows 10.0 , 64 bit Build 17134 (10.0.17134.648)

CPU:total 4 (initial active 4) (2 cores per cpu, 2 threads per core) family 6 model 69 stepping 1, cmov, cx8, fxsr, mmx, sse, sse2, sse3, ssse3, sse4.1, sse4.2, popcnt, avx, avx2, aes, clmul, erms, lzcnt, ht, tsc, tscinvbit, bmi1, bmi2

Memory: 4k page, physical 8291828k(1096448k free), swap 9340404k(1664k free)

vm_info: OpenJDK 64-Bit Server VM (25.152-b06) for windows-amd64 JRE (1.8.0_152-release-1136-b06), built by "builder" with MS VC++ 10.0 (VS2010)

time: Sat Mar 16 13:22:56 2019
elapsed time: 94 seconds (0d 0h 1m 34s)

