#
# There is insufficient memory for the Java Runtime Environment to continue.
# Native memory allocation (malloc) failed to allocate 32744 bytes for ChunkPool::allocate
# Possible reasons:
#   The system is out of physical RAM or swap space
#   In 32 bit mode, the process size limit was hit
# Possible solutions:
#   Reduce memory load on the system
#   Increase physical memory or swap space
#   Check if swap backing store is full
#   Use 64 bit Java on a 64 bit OS
#   Decrease Java heap size (-Xmx/-Xms)
#   Decrease number of Java threads
#   Decrease Java thread stack sizes (-Xss)
#   Set larger code cache with -XX:ReservedCodeCacheSize=
# This output file may be truncated or incomplete.
#
#  Out of Memory Error (allocation.cpp:273), pid=9924, tid=0x0000000000001ba4
#
# JRE version: OpenJDK Runtime Environment (8.0_152-b06) (build 1.8.0_152-release-1136-b06)
# Java VM: OpenJDK 64-Bit Server VM (25.152-b06 mixed mode windows-amd64 compressed oops)
# Failed to write core dump. Minidumps are not enabled by default on client versions of Windows
#

---------------  T H R E A D  ---------------

Current thread (0x00000000195e3000):  JavaThread "Daemon worker" [_thread_in_vm, id=7076, stack(0x000000001ab70000,0x000000001ac70000)]

Stack: [0x000000001ab70000,0x000000001ac70000]
[error occurred during error reporting (printing stack bounds), id 0xc0000005]

Native frames: (J=compiled Java code, j=interpreted, Vv=VM code, C=native code)

Java frames: (J=compiled Java code, j=interpreted, Vv=VM code)
J 699  java.lang.ClassLoader.defineClass1(Ljava/lang/String;[BIILjava/security/ProtectionDomain;Ljava/lang/String;)Ljava/lang/Class; (0 bytes) @ 0x00000000030078df [0x0000000003007840+0x9f]
J 505 C1 java.lang.ClassLoader.defineClass(Ljava/lang/String;[BIILjava/security/ProtectionDomain;)Ljava/lang/Class; (43 bytes) @ 0x0000000002f50364 [0x0000000002f4fd80+0x5e4]
J 406 C1 java.net.URLClassLoader.defineClass(Ljava/lang/String;Lsun/misc/Resource;)Ljava/lang/Class; (142 bytes) @ 0x0000000002eec964 [0x0000000002eeae00+0x1b64]
J 290 C1 java.net.URLClassLoader$1.run()Ljava/lang/Class; (63 bytes) @ 0x0000000002ea3e14 [0x0000000002ea3b60+0x2b4]
J 255 C1 java.net.URLClassLoader$1.run()Ljava/lang/Object; (5 bytes) @ 0x0000000002e8cb4c [0x0000000002e8cac0+0x8c]
v  ~StubRoutines::call_stub
J 225  java.security.AccessController.doPrivileged(Ljava/security/PrivilegedExceptionAction;Ljava/security/AccessControlContext;)Ljava/lang/Object; (0 bytes) @ 0x0000000002e7a8a6 [0x0000000002e7a840+0x66]
J 1400 C2 java.net.URLClassLoader.findClass(Ljava/lang/String;)Ljava/lang/Class; (47 bytes) @ 0x0000000002e19270 [0x0000000002e191e0+0x90]
j  org.gradle.internal.classloader.TransformingClassLoader.findClass(Ljava/lang/String;)Ljava/lang/Class;+10
J 1354 C2 java.lang.ClassLoader.loadClass(Ljava/lang/String;Z)Ljava/lang/Class; (122 bytes) @ 0x00000000031c2a44 [0x00000000031c1a40+0x1004]
J 297 C1 java.lang.ClassLoader.loadClass(Ljava/lang/String;)Ljava/lang/Class; (7 bytes) @ 0x0000000002ea5a0c [0x0000000002ea5900+0x10c]
v  ~StubRoutines::call_stub
j  org.gradle.api.internal.artifacts.DependencyManagementGlobalScopeServices.createVersionComparator()Lorg/gradle/api/internal/artifacts/ivyservice/ivyresolve/strategy/VersionComparator;+0
v  ~StubRoutines::call_stub
j  sun.reflect.NativeMethodAccessorImpl.invoke0(Ljava/lang/reflect/Method;Ljava/lang/Object;[Ljava/lang/Object;)Ljava/lang/Object;+0
j  sun.reflect.NativeMethodAccessorImpl.invoke(Ljava/lang/Object;[Ljava/lang/Object;)Ljava/lang/Object;+100
J 1061 C1 sun.reflect.DelegatingMethodAccessorImpl.invoke(Ljava/lang/Object;[Ljava/lang/Object;)Ljava/lang/Object; (10 bytes) @ 0x00000000030eda44 [0x00000000030ed940+0x104]
J 1060 C1 java.lang.reflect.Method.invoke(Ljava/lang/Object;[Ljava/lang/Object;)Ljava/lang/Object; (62 bytes) @ 0x00000000030ee1ec [0x00000000030ede00+0x3ec]
j  org.gradle.internal.reflect.JavaMethod.invoke(Ljava/lang/Object;[Ljava/lang/Object;)Ljava/lang/Object;+6
j  org.gradle.internal.service.ReflectionBasedServiceMethod.invoke(Ljava/lang/Object;[Ljava/lang/Object;)Ljava/lang/Object;+6
j  org.gradle.internal.service.DefaultServiceRegistry$FactoryMethodService.invokeMethod([Ljava/lang/Object;)Ljava/lang/Object;+9
j  org.gradle.internal.service.DefaultServiceRegistry$FactoryService.create()Ljava/lang/Object;+7
j  org.gradle.internal.service.DefaultServiceRegistry$ManagedObjectServiceProvider.getInstance()Ljava/lang/Object;+24
J 1488 C1 org.gradle.internal.service.DefaultServiceRegistry$SingletonService.get()Ljava/lang/Object; (5 bytes) @ 0x0000000002e49334 [0x0000000002e49240+0xf4]
j  org.gradle.internal.service.DefaultServiceRegistry$FactoryService.assembleParameters()[Ljava/lang/Object;+44
j  org.gradle.internal.service.DefaultServiceRegistry$FactoryService.create()Ljava/lang/Object;+1
j  org.gradle.internal.service.DefaultServiceRegistry$ManagedObjectServiceProvider.getInstance()Ljava/lang/Object;+24
J 1488 C1 org.gradle.internal.service.DefaultServiceRegistry$SingletonService.get()Ljava/lang/Object; (5 bytes) @ 0x0000000002e49334 [0x0000000002e49240+0xf4]
j  org.gradle.internal.service.DefaultServiceRegistry$FactoryService.assembleParameters()[Ljava/lang/Object;+44
j  org.gradle.internal.service.DefaultServiceRegistry$FactoryService.create()Ljava/lang/Object;+1
j  org.gradle.internal.service.DefaultServiceRegistry$ManagedObjectServiceProvider.getInstance()Ljava/lang/Object;+24
j  org.gradle.internal.service.DefaultServiceRegistry$SingletonService.get()Ljava/lang/Object;+1
j  org.gradle.internal.service.DefaultServiceRegistry$FactoryService.assembleParameters()[Ljava/lang/Object;+44
j  org.gradle.internal.service.DefaultServiceRegistry$FactoryService.create()Ljava/lang/Object;+1
j  org.gradle.internal.service.DefaultServiceRegistry$ManagedObjectServiceProvider.getInstance()Ljava/lang/Object;+24
j  org.gradle.internal.service.DefaultServiceRegistry$SingletonService.get()Ljava/lang/Object;+1
j  org.gradle.internal.service.DefaultServiceRegistry.get(Ljava/lang/reflect/Type;)Ljava/lang/Object;+22
j  org.gradle.internal.service.DefaultServiceRegistry.get(Ljava/lang/Class;)Ljava/lang/Object;+3
j  org.gradle.internal.service.scopes.BuildScopeServices.defaultScriptPluginFactory()Lorg/gradle/configuration/DefaultScriptPluginFactory;+45
j  org.gradle.internal.service.scopes.BuildScopeServices.createScriptPluginFactory(Lorg/gradle/api/internal/InstantiatorFactory;Lorg/gradle/internal/operations/BuildOperationExecutor;)Lorg/gradle/configuration/ScriptPluginFactory;+1
v  ~StubRoutines::call_stub
j  sun.reflect.NativeMethodAccessorImpl.invoke0(Ljava/lang/reflect/Method;Ljava/lang/Object;[Ljava/lang/Object;)Ljava/lang/Object;+0
j  sun.reflect.NativeMethodAccessorImpl.invoke(Ljava/lang/Object;[Ljava/lang/Object;)Ljava/lang/Object;+100
J 1061 C1 sun.reflect.DelegatingMethodAccessorImpl.invoke(Ljava/lang/Object;[Ljava/lang/Object;)Ljava/lang/Object; (10 bytes) @ 0x00000000030eda44 [0x00000000030ed940+0x104]
J 1060 C1 java.lang.reflect.Method.invoke(Ljava/lang/Object;[Ljava/lang/Object;)Ljava/lang/Object; (62 bytes) @ 0x00000000030ee1ec [0x00000000030ede00+0x3ec]
j  org.gradle.internal.reflect.JavaMethod.invoke(Ljava/lang/Object;[Ljava/lang/Object;)Ljava/lang/Object;+6
j  org.gradle.internal.service.ReflectionBasedServiceMethod.invoke(Ljava/lang/Object;[Ljava/lang/Object;)Ljava/lang/Object;+6
j  org.gradle.internal.service.DefaultServiceRegistry$FactoryMethodService.invokeMethod([Ljava/lang/Object;)Ljava/lang/Object;+9
j  org.gradle.internal.service.DefaultServiceRegistry$FactoryService.create()Ljava/lang/Object;+7
j  org.gradle.internal.service.DefaultServiceRegistry$ManagedObjectServiceProvider.getInstance()Ljava/lang/Object;+24
j  org.gradle.internal.service.DefaultServiceRegistry$SingletonService.get()Ljava/lang/Object;+1
j  org.gradle.internal.service.DefaultServiceRegistry$FactoryService.assembleParameters()[Ljava/lang/Object;+44
j  org.gradle.internal.service.DefaultServiceRegistry$FactoryService.create()Ljava/lang/Object;+1
j  org.gradle.internal.service.DefaultServiceRegistry$ManagedObjectServiceProvider.getInstance()Ljava/lang/Object;+24
j  org.gradle.internal.service.DefaultServiceRegistry$SingletonService.get()Ljava/lang/Object;+1
j  org.gradle.internal.service.DefaultServiceRegistry$FactoryService.assembleParameters()[Ljava/lang/Object;+44
j  org.gradle.internal.service.DefaultServiceRegistry$FactoryService.create()Ljava/lang/Object;+1
j  org.gradle.internal.service.DefaultServiceRegistry$ManagedObjectServiceProvider.getInstance()Ljava/lang/Object;+24
j  org.gradle.internal.service.DefaultServiceRegistry$SingletonService.get()Ljava/lang/Object;+1
j  org.gradle.internal.service.DefaultServiceRegistry.get(Ljava/lang/reflect/Type;)Ljava/lang/Object;+22
j  org.gradle.internal.service.DefaultServiceRegistry.get(Ljava/lang/Class;)Ljava/lang/Object;+3
j  org.gradle.initialization.DefaultGradleLauncherFactory.doNewInstance(Lorg/gradle/api/internal/BuildDefinition;Lorg/gradle/initialization/GradleLauncher;Lorg/gradle/initialization/BuildCancellationToken;Lorg/gradle/initialization/BuildRequestMetaData;Lorg/gradle/initialization/BuildEventConsumer;Lorg/gradle/internal/service/scopes/BuildTreeScopeServices;Ljava/util/List;)Lorg/gradle/initialization/DefaultGradleLauncher;+398
j  org.gradle.initialization.DefaultGradleLauncherFactory.newInstance(Lorg/gradle/StartParameter;Lorg/gradle/initialization/BuildRequestContext;Lorg/gradle/internal/service/ServiceRegistry;)Lorg/gradle/initialization/GradleLauncher;+76
j  org.gradle.launcher.exec.InProcessBuildActionExecuter.execute(Lorg/gradle/internal/invocation/BuildAction;Lorg/gradle/initialization/BuildRequestContext;Lorg/gradle/launcher/exec/BuildActionParameters;Lorg/gradle/internal/service/ServiceRegistry;)Ljava/lang/Object;+13
j  org.gradle.launcher.exec.InProcessBuildActionExecuter.execute(Lorg/gradle/internal/invocation/BuildAction;Lorg/gradle/initialization/BuildRequestContext;Ljava/lang/Object;Lorg/gradle/internal/service/ServiceRegistry;)Ljava/lang/Object;+9
j  org.gradle.launcher.exec.BuildTreeScopeBuildActionExecuter.execute(Lorg/gradle/internal/invocation/BuildAction;Lorg/gradle/initialization/BuildRequestContext;Lorg/gradle/launcher/exec/BuildActionParameters;Lorg/gradle/internal/service/ServiceRegistry;)Ljava/lang/Object;+38
j  org.gradle.launcher.exec.BuildTreeScopeBuildActionExecuter.execute(Lorg/gradle/internal/invocation/BuildAction;Lorg/gradle/initialization/BuildRequestContext;Ljava/lang/Object;Lorg/gradle/internal/service/ServiceRegistry;)Ljava/lang/Object;+9
j  org.gradle.tooling.internal.provider.ContinuousBuildActionExecuter.execute(Lorg/gradle/internal/invocation/BuildAction;Lorg/gradle/initialization/BuildRequestContext;Lorg/gradle/launcher/exec/BuildActionParameters;Lorg/gradle/internal/service/ServiceRegistry;)Ljava/lang/Object;+63
j  org.gradle.tooling.internal.provider.ContinuousBuildActionExecuter.execute(Lorg/gradle/internal/invocation/BuildAction;Lorg/gradle/initialization/BuildRequestContext;Ljava/lang/Object;Lorg/gradle/internal/service/ServiceRegistry;)Ljava/lang/Object;+9
j  org.gradle.tooling.internal.provider.ServicesSetupBuildActionExecuter.execute(Lorg/gradle/internal/invocation/BuildAction;Lorg/gradle/initialization/BuildRequestContext;Lorg/gradle/launcher/exec/BuildActionParameters;Lorg/gradle/internal/service/ServiceRegistry;)Ljava/lang/Object;+86
j  org.gradle.tooling.internal.provider.ServicesSetupBuildActionExecuter.execute(Lorg/gradle/internal/invocation/BuildAction;Lorg/gradle/initialization/BuildRequestContext;Ljava/lang/Object;Lorg/gradle/internal/service/ServiceRegistry;)Ljava/lang/Object;+9
j  org.gradle.tooling.internal.provider.GradleThreadBuildActionExecuter.execute(Lorg/gradle/internal/invocation/BuildAction;Lorg/gradle/initialization/BuildRequestContext;Lorg/gradle/launcher/exec/BuildActionParameters;Lorg/gradle/internal/service/ServiceRegistry;)Ljava/lang/Object;+12
j  org.gradle.tooling.internal.provider.GradleThreadBuildActionExecuter.execute(Lorg/gradle/internal/invocation/BuildAction;Lorg/gradle/initialization/BuildRequestContext;Ljava/lang/Object;Lorg/gradle/internal/service/ServiceRegistry;)Ljava/lang/Object;+9
j  org.gradle.tooling.internal.provider.ParallelismConfigurationBuildActionExecuter.execute(Lorg/gradle/internal/invocation/BuildAction;Lorg/gradle/initialization/BuildRequestContext;Lorg/gradle/launcher/exec/BuildActionParameters;Lorg/gradle/internal/service/ServiceRegistry;)Ljava/lang/Object;+43
j  org.gradle.tooling.internal.provider.ParallelismConfigurationBuildActionExecuter.execute(Lorg/gradle/internal/invocation/BuildAction;Lorg/gradle/initialization/BuildRequestContext;Ljava/lang/Object;Lorg/gradle/internal/service/ServiceRegistry;)Ljava/lang/Object;+9
j  org.gradle.tooling.internal.provider.StartParamsValidatingActionExecuter.execute(Lorg/gradle/internal/invocation/BuildAction;Lorg/gradle/initialization/BuildRequestContext;Lorg/gradle/launcher/exec/BuildActionParameters;Lorg/gradle/internal/service/ServiceRegistry;)Ljava/lang/Object;+257
j  org.gradle.tooling.internal.provider.StartParamsValidatingActionExecuter.execute(Lorg/gradle/internal/invocation/BuildAction;Lorg/gradle/initialization/BuildRequestContext;Ljava/lang/Object;Lorg/gradle/internal/service/ServiceRegistry;)Ljava/lang/Object;+9
j  org.gradle.tooling.internal.provider.SessionFailureReportingActionExecuter.execute(Lorg/gradle/internal/invocation/BuildAction;Lorg/gradle/initialization/BuildRequestContext;Lorg/gradle/launcher/exec/BuildActionParameters;Lorg/gradle/internal/service/ServiceRegistry;)Ljava/lang/Object;+9
j  org.gradle.tooling.internal.provider.SessionFailureReportingActionExecuter.execute(Lorg/gradle/internal/invocation/BuildAction;Lorg/gradle/initialization/BuildRequestContext;Ljava/lang/Object;Lorg/gradle/internal/service/ServiceRegistry;)Ljava/lang/Object;+9
j  org.gradle.tooling.internal.provider.SetupLoggingActionExecuter.execute(Lorg/gradle/internal/invocation/BuildAction;Lorg/gradle/initialization/BuildRequestContext;Lorg/gradle/launcher/exec/BuildActionParameters;Lorg/gradle/internal/service/ServiceRegistry;)Ljava/lang/Object;+42
j  org.gradle.tooling.internal.provider.SetupLoggingActionExecuter.execute(Lorg/gradle/internal/invocation/BuildAction;Lorg/gradle/initialization/BuildRequestContext;Ljava/lang/Object;Lorg/gradle/internal/service/ServiceRegistry;)Ljava/lang/Object;+9
j  org.gradle.launcher.daemon.server.exec.ExecuteBuild.doBuild(Lorg/gradle/launcher/daemon/server/api/DaemonCommandExecution;Lorg/gradle/launcher/daemon/protocol/Build;)V+114
j  org.gradle.launcher.daemon.server.exec.BuildCommandOnly.execute(Lorg/gradle/launcher/daemon/server/api/DaemonCommandExecution;)V+49
j  org.gradle.launcher.daemon.server.api.DaemonCommandExecution.proceed()Z+28
j  org.gradle.launcher.daemon.server.exec.WatchForDisconnection.execute(Lorg/gradle/launcher/daemon/server/api/DaemonCommandExecution;)V+19
j  org.gradle.launcher.daemon.server.api.DaemonCommandExecution.proceed()Z+28
j  org.gradle.launcher.daemon.server.exec.ResetDeprecationLogger.execute(Lorg/gradle/launcher/daemon/server/api/DaemonCommandExecution;)V+4
j  org.gradle.launcher.daemon.server.api.DaemonCommandExecution.proceed()Z+28
j  org.gradle.launcher.daemon.server.exec.RequestStopIfSingleUsedDaemon.execute(Lorg/gradle/launcher/daemon/server/api/DaemonCommandExecution;)V+33
j  org.gradle.launcher.daemon.server.api.DaemonCommandExecution.proceed()Z+28
j  org.gradle.launcher.daemon.server.exec.ForwardClientInput$2.call()Ljava/lang/Void;+4
j  org.gradle.launcher.daemon.server.exec.ForwardClientInput$2.call()Ljava/lang/Object;+1
j  org.gradle.util.Swapper.swap(Ljava/lang/Object;Ljava/util/concurrent/Callable;)Ljava/lang/Object;+21
j  org.gradle.launcher.daemon.server.exec.ForwardClientInput.execute(Lorg/gradle/launcher/daemon/server/api/DaemonCommandExecution;)V+63
j  org.gradle.launcher.daemon.server.api.DaemonCommandExecution.proceed()Z+28
j  org.gradle.launcher.daemon.server.exec.LogAndCheckHealth.execute(Lorg/gradle/launcher/daemon/server/api/DaemonCommandExecution;)V+28
j  org.gradle.launcher.daemon.server.api.DaemonCommandExecution.proceed()Z+28
j  org.gradle.launcher.daemon.server.exec.LogToClient.doBuild(Lorg/gradle/launcher/daemon/server/api/DaemonCommandExecution;Lorg/gradle/launcher/daemon/protocol/Build;)V+87
j  org.gradle.launcher.daemon.server.exec.BuildCommandOnly.execute(Lorg/gradle/launcher/daemon/server/api/DaemonCommandExecution;)V+49
j  org.gradle.launcher.daemon.server.api.DaemonCommandExecution.proceed()Z+28
j  org.gradle.launcher.daemon.server.exec.EstablishBuildEnvironment.doBuild(Lorg/gradle/launcher/daemon/server/api/DaemonCommandExecution;Lorg/gradle/launcher/daemon/protocol/Build;)V+365
j  org.gradle.launcher.daemon.server.exec.BuildCommandOnly.execute(Lorg/gradle/launcher/daemon/server/api/DaemonCommandExecution;)V+49
j  org.gradle.launcher.daemon.server.api.DaemonCommandExecution.proceed()Z+28
j  org.gradle.launcher.daemon.server.exec.StartBuildOrRespondWithBusy$1.run()V+44
j  org.gradle.launcher.daemon.server.DaemonStateCoordinator$1.run()V+4
j  org.gradle.internal.concurrent.ExecutorPolicy$CatchAndRecordFailures.onExecute(Ljava/lang/Runnable;)V+1
j  org.gradle.internal.concurrent.ManagedExecutorImpl$1.run()V+25
j  java.util.concurrent.ThreadPoolExecutor.runWorker(Ljava/util/concurrent/ThreadPoolExecutor$Worker;)V+95
j  java.util.concurrent.ThreadPoolExecutor$Worker.run()V+5
j  org.gradle.internal.concurrent.ThreadFactoryImpl$ManagedThreadRunnable.run()V+7
j  java.lang.Thread.run()V+11
v  ~StubRoutines::call_stub

---------------  P R O C E S S  ---------------

Java Threads: ( => current thread )
  0x0000000017ffd800 JavaThread "Cache worker for file hash cache (C:\Users\ADMIN\AndroidStudioProjects\MyApplication2\.gradle\4.6\fileHashes)" [_thread_blocked, id=2448, stack(0x000000001d6f0000,0x000000001d7f0000)]
  0x0000000018043000 JavaThread "File lock request listener" [_thread_in_native, id=10472, stack(0x000000001c260000,0x000000001c360000)]
  0x000000001968d800 JavaThread "Cache worker for file hash cache (C:\Users\ADMIN\.gradle\caches\4.6\fileHashes)" [_thread_blocked, id=13008, stack(0x000000001c160000,0x000000001c260000)]
  0x0000000018da8000 JavaThread "Stdin handler" [_thread_blocked, id=12168, stack(0x000000001ad70000,0x000000001ae70000)]
  0x0000000018da7000 JavaThread "Asynchronous log dispatcher for DefaultDaemonConnection: socket connection from /127.0.0.1:50325 to /127.0.0.1:50326" [_thread_blocked, id=2436, stack(0x000000001ac70000,0x000000001ad70000)]
=>0x00000000195e3000 JavaThread "Daemon worker" [_thread_in_vm, id=7076, stack(0x000000001ab70000,0x000000001ac70000)]
  0x00000000195e2000 JavaThread "Cancel handler" [_thread_blocked, id=12220, stack(0x000000001aa70000,0x000000001ab70000)]
  0x00000000180d0000 JavaThread "Handler for socket connection from /127.0.0.1:50325 to /127.0.0.1:50326" [_thread_in_native, id=3564, stack(0x000000001a770000,0x000000001a870000)]
  0x00000000180cf000 JavaThread "Daemon" [_thread_blocked, id=12760, stack(0x000000001a670000,0x000000001a770000)]
  0x0000000018a18800 JavaThread "Daemon periodic checks" [_thread_blocked, id=12708, stack(0x000000001a570000,0x000000001a670000)]
  0x0000000018a8a800 JavaThread "Incoming local TCP Connector on port 50325" [_thread_in_native, id=2176, stack(0x000000001a300000,0x000000001a400000)]
  0x0000000017df8800 JavaThread "Service Thread" daemon [_thread_blocked, id=10476, stack(0x00000000183f0000,0x00000000184f0000)]
  0x0000000017df3000 JavaThread "C1 CompilerThread2" daemon [_thread_in_native, id=10420, stack(0x00000000182f0000,0x00000000183f0000)]
  0x0000000017df0800 JavaThread "C2 CompilerThread1" daemon [_thread_in_native, id=3616, stack(0x00000000181f0000,0x00000000182f0000)]
  0x000000001666f800 JavaThread "C2 CompilerThread0" daemon [_thread_in_native, id=3612, stack(0x0000000017cf0000,0x0000000017df0000)]
  0x000000001666e000 JavaThread "Attach Listener" daemon [_thread_blocked, id=3396, stack(0x0000000017bf0000,0x0000000017cf0000)]
  0x000000001666b000 JavaThread "Signal Dispatcher" daemon [_thread_blocked, id=13192, stack(0x0000000017af0000,0x0000000017bf0000)]
  0x0000000016658800 JavaThread "Finalizer" daemon [_thread_blocked, id=2872, stack(0x00000000178d0000,0x00000000179d0000)]
  0x0000000002c13000 JavaThread "Reference Handler" daemon [_thread_blocked, id=10832, stack(0x00000000177d0000,0x00000000178d0000)]
  0x0000000002b22800 JavaThread "main" [_thread_blocked, id=9032, stack(0x0000000002a00000,0x0000000002b00000)]

Other Threads:
  0x0000000016636800 VMThread [stack: 0x00000000176d0000,0x00000000177d0000] [id=12184]
  0x0000000017df9800 WatcherThread [stack: 0x00000000184f0000,0x00000000185f0000] [id=4228]

VM state:not at safepoint (normal execution)

VM Mutex/Monitor currently owned by a thread: None

Heap:
 PSYoungGen      total 38400K, used 15972K [0x00000000e0000000, 0x00000000e2a80000, 0x0000000100000000)
  eden space 33280K, 32% used [0x00000000e0000000,0x00000000e0a9c218,0x00000000e2080000)
  from space 5120K, 99% used [0x00000000e2080000,0x00000000e257ce58,0x00000000e2580000)
  to   space 5120K, 0% used [0x00000000e2580000,0x00000000e2580000,0x00000000e2a80000)
 ParOldGen       total 87552K, used 1885K [0x00000000a0000000, 0x00000000a5580000, 0x00000000e0000000)
  object space 87552K, 2% used [0x00000000a0000000,0x00000000a01d77a0,0x00000000a5580000)
 Metaspace       used 15097K, capacity 15484K, committed 15616K, reserved 1062912K
  class space    used 2125K, capacity 2256K, committed 2304K, reserved 1048576K

Card table byte_map: [0x00000000120c0000,0x00000000123d0000] byte_map_base: 0x0000000011bc0000

Marking Bits: (ParMarkBitMap*) 0x000000005ec75aa0
 Begin Bits: [0x00000000129d0000, 0x00000000141d0000)
 End Bits:   [0x00000000141d0000, 0x00000000159d0000)

Polling page: 0x0000000000c20000

CodeCache: size=245760Kb used=4636Kb max_used=4862Kb free=241123Kb
 bounds [0x0000000002d00000, 0x00000000031d0000, 0x0000000011d00000]
 total_blobs=1728 nmethods=1359 adapters=282
 compilation: enabled

Compilation events (10 events):
Event: 19.856 Thread 0x0000000017df3000 1484       3       java.lang.String::lastIndexOf (151 bytes)
Event: 19.857 Thread 0x0000000017df3000 nmethod 1484 0x00000000030bc310 code [0x00000000030bc4c0, 0x00000000030bca10]
Event: 19.859 Thread 0x0000000017df3000 1485       3       org.gradle.internal.service.DefaultServiceRegistry$SingletonService::getService (18 bytes)
Event: 19.860 Thread 0x0000000017df3000 nmethod 1485 0x00000000030bbe10 code [0x00000000030bbfa0, 0x00000000030bc218]
Event: 19.860 Thread 0x0000000017df3000 1486       3       org.gradle.internal.service.DefaultServiceRegistry::access$1200 (6 bytes)
Event: 19.860 Thread 0x0000000017df3000 nmethod 1486 0x00000000030bd150 code [0x00000000030bd2c0, 0x00000000030bd428]
Event: 19.861 Thread 0x0000000017df0800 1487       4       java.net.URLClassLoader$1::run (5 bytes)
Event: 19.893 Thread 0x0000000017df3000 1488       3       org.gradle.internal.service.DefaultServiceRegistry$SingletonService::get (5 bytes)
Event: 19.894 Thread 0x0000000017df3000 nmethod 1488 0x0000000002e490d0 code [0x0000000002e49240, 0x0000000002e49448]
Event: 19.901 Thread 0x0000000017df3000 1489   !   3       org.gradle.internal.classloader.TransformingClassLoader::findClass (203 bytes)

GC Heap History (6 events):
Event: 4.752 GC heap before
{Heap before GC invocations=1 (full 0):
 PSYoungGen      total 38400K, used 33280K [0x00000000e0000000, 0x00000000e2a80000, 0x0000000100000000)
  eden space 33280K, 100% used [0x00000000e0000000,0x00000000e2080000,0x00000000e2080000)
  from space 5120K, 0% used [0x00000000e2580000,0x00000000e2580000,0x00000000e2a80000)
  to   space 5120K, 0% used [0x00000000e2080000,0x00000000e2080000,0x00000000e2580000)
 ParOldGen       total 87552K, used 0K [0x00000000a0000000, 0x00000000a5580000, 0x00000000e0000000)
  object space 87552K, 0% used [0x00000000a0000000,0x00000000a0000000,0x00000000a5580000)
 Metaspace       used 6978K, capacity 7118K, committed 7424K, reserved 1056768K
  class space    used 846K, capacity 911K, committed 1024K, reserved 1048576K
Event: 4.768 GC heap after
Heap after GC invocations=1 (full 0):
 PSYoungGen      total 38400K, used 4257K [0x00000000e0000000, 0x00000000e2a80000, 0x0000000100000000)
  eden space 33280K, 0% used [0x00000000e0000000,0x00000000e0000000,0x00000000e2080000)
  from space 5120K, 83% used [0x00000000e2080000,0x00000000e24a8678,0x00000000e2580000)
  to   space 5120K, 0% used [0x00000000e2580000,0x00000000e2580000,0x00000000e2a80000)
 ParOldGen       total 87552K, used 8K [0x00000000a0000000, 0x00000000a5580000, 0x00000000e0000000)
  object space 87552K, 0% used [0x00000000a0000000,0x00000000a0002000,0x00000000a5580000)
 Metaspace       used 6978K, capacity 7118K, committed 7424K, reserved 1056768K
  class space    used 846K, capacity 911K, committed 1024K, reserved 1048576K
}
Event: 15.630 GC heap before
{Heap before GC invocations=2 (full 0):
 PSYoungGen      total 38400K, used 37537K [0x00000000e0000000, 0x00000000e2a80000, 0x0000000100000000)
  eden space 33280K, 100% used [0x00000000e0000000,0x00000000e2080000,0x00000000e2080000)
  from space 5120K, 83% used [0x00000000e2080000,0x00000000e24a8678,0x00000000e2580000)
  to   space 5120K, 0% used [0x00000000e2580000,0x00000000e2580000,0x00000000e2a80000)
 ParOldGen       total 87552K, used 8K [0x00000000a0000000, 0x00000000a5580000, 0x00000000e0000000)
  object space 87552K, 0% used [0x00000000a0000000,0x00000000a0002000,0x00000000a5580000)
 Metaspace       used 10731K, capacity 11016K, committed 11264K, reserved 1058816K
  class space    used 1399K, capacity 1522K, committed 1536K, reserved 1048576K
Event: 15.671 GC heap after
Heap after GC invocations=2 (full 0):
 PSYoungGen      total 38400K, used 5118K [0x00000000e0000000, 0x00000000e2a80000, 0x0000000100000000)
  eden space 33280K, 0% used [0x00000000e0000000,0x00000000e0000000,0x00000000e2080000)
  from space 5120K, 99% used [0x00000000e2580000,0x00000000e2a7f830,0x00000000e2a80000)
  to   space 5120K, 0% used [0x00000000e2080000,0x00000000e2080000,0x00000000e2580000)
 ParOldGen       total 87552K, used 56K [0x00000000a0000000, 0x00000000a5580000, 0x00000000e0000000)
  object space 87552K, 0% used [0x00000000a0000000,0x00000000a000e000,0x00000000a5580000)
 Metaspace       used 10731K, capacity 11016K, committed 11264K, reserved 1058816K
  class space    used 1399K, capacity 1522K, committed 1536K, reserved 1048576K
}
Event: 18.978 GC heap before
{Heap before GC invocations=3 (full 0):
 PSYoungGen      total 38400K, used 38398K [0x00000000e0000000, 0x00000000e2a80000, 0x0000000100000000)
  eden space 33280K, 100% used [0x00000000e0000000,0x00000000e2080000,0x00000000e2080000)
  from space 5120K, 99% used [0x00000000e2580000,0x00000000e2a7f830,0x00000000e2a80000)
  to   space 5120K, 0% used [0x00000000e2080000,0x00000000e2080000,0x00000000e2580000)
 ParOldGen       total 87552K, used 56K [0x00000000a0000000, 0x00000000a5580000, 0x00000000e0000000)
  object space 87552K, 0% used [0x00000000a0000000,0x00000000a000e000,0x00000000a5580000)
 Metaspace       used 14073K, capacity 14428K, committed 14720K, reserved 1062912K
  class space    used 1958K, capacity 2096K, committed 2176K, reserved 1048576K
Event: 19.011 GC heap after
Heap after GC invocations=3 (full 0):
 PSYoungGen      total 38400K, used 5107K [0x00000000e0000000, 0x00000000e2a80000, 0x0000000100000000)
  eden space 33280K, 0% used [0x00000000e0000000,0x00000000e0000000,0x00000000e2080000)
  from space 5120K, 99% used [0x00000000e2080000,0x00000000e257ce58,0x00000000e2580000)
  to   space 5120K, 0% used [0x00000000e2580000,0x00000000e2580000,0x00000000e2a80000)
 ParOldGen       total 87552K, used 1885K [0x00000000a0000000, 0x00000000a5580000, 0x00000000e0000000)
  object space 87552K, 2% used [0x00000000a0000000,0x00000000a01d77a0,0x00000000a5580000)
 Metaspace       used 14073K, capacity 14428K, committed 14720K, reserved 1062912K
  class space    used 1958K, capacity 2096K, committed 2176K, reserved 1048576K
}

Deoptimization events (10 events):
Event: 6.893 Thread 0x0000000002b22800 Uncommon trap: reason=unstable_if action=reinterpret pc=0x0000000002facb18 method=java.io.WinNTFileSystem.normalize(Ljava/lang/String;)Ljava/lang/String; @ 128
Event: 6.893 Thread 0x0000000002b22800 Uncommon trap: reason=unstable_if action=reinterpret pc=0x000000000302b134 method=java.io.WinNTFileSystem.normalize(Ljava/lang/String;II)Ljava/lang/String; @ 90
Event: 16.388 Thread 0x00000000180d0000 Uncommon trap: reason=unstable_if action=reinterpret pc=0x0000000003144370 method=java.util.concurrent.ConcurrentHashMap.putVal(Ljava/lang/Object;Ljava/lang/Object;Z)Ljava/lang/Object; @ 206
Event: 17.870 Thread 0x00000000195e3000 Uncommon trap: reason=bimorphic action=maybe_recompile pc=0x0000000003046ca8 method=java.util.HashMap.putVal(ILjava/lang/Object;Ljava/lang/Object;ZZ)Ljava/lang/Object; @ 253
Event: 17.871 Thread 0x00000000195e3000 Uncommon trap: reason=bimorphic action=maybe_recompile pc=0x0000000003046ca8 method=java.util.HashMap.putVal(ILjava/lang/Object;Ljava/lang/Object;ZZ)Ljava/lang/Object; @ 253
Event: 17.871 Thread 0x00000000195e3000 Uncommon trap: reason=bimorphic action=maybe_recompile pc=0x0000000003046ca8 method=java.util.HashMap.putVal(ILjava/lang/Object;Ljava/lang/Object;ZZ)Ljava/lang/Object; @ 253
Event: 18.670 Thread 0x00000000195e3000 Uncommon trap: reason=class_check action=maybe_recompile pc=0x0000000002fa9844 method=java.util.regex.Matcher.match(II)Z @ 86
Event: 18.671 Thread 0x00000000195e3000 Uncommon trap: reason=class_check action=maybe_recompile pc=0x0000000002fa9844 method=java.util.regex.Matcher.match(II)Z @ 86
Event: 18.916 Thread 0x00000000195e3000 Uncommon trap: reason=class_check action=maybe_recompile pc=0x0000000002f7115c method=java.util.regex.Matcher.match(II)Z @ 86
Event: 19.280 Thread 0x00000000195e3000 Uncommon trap: reason=unstable_if action=reinterpret pc=0x0000000002e1fbb4 method=java.lang.String.lastIndexOf([CII[CIII)I @ 66

Classes redefined (0 events):
No events

Internal exceptions (10 events):
Event: 16.689 Thread 0x00000000180d0000 Exception <a 'java/lang/NoSuchMethodError': <clinit>> (0x00000000e0446788) thrown at [D:\src\AOSP-openjdk-cygwin\jdk8u\hotspot\src\share\vm\prims\jni.cpp, line 1613]
Event: 16.693 Thread 0x00000000180d0000 Exception <a 'java/lang/NoSuchMethodError': <clinit>> (0x00000000e0457df8) thrown at [D:\src\AOSP-openjdk-cygwin\jdk8u\hotspot\src\share\vm\prims\jni.cpp, line 1613]
Event: 17.195 Thread 0x00000000180d0000 Exception <a 'java/lang/NoSuchMethodError': <clinit>> (0x00000000e04cbd98) thrown at [D:\src\AOSP-openjdk-cygwin\jdk8u\hotspot\src\share\vm\prims\jni.cpp, line 1613]
Event: 17.213 Thread 0x00000000180d0000 Exception <a 'java/lang/NoSuchMethodError': <clinit>> (0x00000000e04f1000) thrown at [D:\src\AOSP-openjdk-cygwin\jdk8u\hotspot\src\share\vm\prims\jni.cpp, line 1613]
Event: 17.234 Thread 0x00000000180d0000 Exception <a 'java/lang/NoSuchMethodError': <clinit>> (0x00000000e051d1f8) thrown at [D:\src\AOSP-openjdk-cygwin\jdk8u\hotspot\src\share\vm\prims\jni.cpp, line 1613]
Event: 17.238 Thread 0x00000000180d0000 Exception <a 'java/lang/NoSuchMethodError': <clinit>> (0x00000000e0528598) thrown at [D:\src\AOSP-openjdk-cygwin\jdk8u\hotspot\src\share\vm\prims\jni.cpp, line 1613]
Event: 17.240 Thread 0x00000000180d0000 Exception <a 'java/lang/NoSuchMethodError': <clinit>> (0x00000000e0533e40) thrown at [D:\src\AOSP-openjdk-cygwin\jdk8u\hotspot\src\share\vm\prims\jni.cpp, line 1613]
Event: 17.245 Thread 0x00000000180d0000 Exception <a 'java/lang/NoSuchMethodError': <clinit>> (0x00000000e0559f08) thrown at [D:\src\AOSP-openjdk-cygwin\jdk8u\hotspot\src\share\vm\prims\jni.cpp, line 1613]
Event: 17.842 Thread 0x00000000195e3000 Exception <a 'java/lang/NoSuchMethodError': <clinit>> (0x00000000e0672c40) thrown at [D:\src\AOSP-openjdk-cygwin\jdk8u\hotspot\src\share\vm\prims\jni.cpp, line 1613]
Event: 17.843 Thread 0x00000000195e3000 Exception <a 'java/lang/NoSuchMethodError': <clinit>> (0x00000000e067aec8) thrown at [D:\src\AOSP-openjdk-cygwin\jdk8u\hotspot\src\share\vm\prims\jni.cpp, line 1613]

Events (10 events):
Event: 19.893 loading class org/gradle/plugin/internal/PluginUsePluginServiceRegistry$BuildScopeServices$1
Event: 19.893 loading class org/gradle/plugin/internal/PluginUsePluginServiceRegistry$BuildScopeServices$1 done
Event: 19.895 loading class org/gradle/plugin/use/resolve/internal/PluginResolution
Event: 19.895 loading class org/gradle/plugin/use/resolve/internal/PluginResolution done
Event: 19.896 loading class org/gradle/api/internal/initialization/DefaultClassLoaderScope
Event: 19.896 loading class org/gradle/api/internal/initialization/DefaultClassLoaderScope done
Event: 19.898 loading class org/gradle/internal/classloader/MultiParentClassLoader
Event: 19.898 loading class org/gradle/internal/classloader/MultiParentClassLoader done
Event: 19.901 loading class org/gradle/api/internal/artifacts/ivyservice/ivyresolve/strategy/DefaultVersionComparator
Event: 19.901 loading class org/gradle/api/internal/artifacts/ivyservice/ivyresolve/strategy/DefaultVersionComparator done


Dynamic libraries:
0x00007ff6164d0000 - 0x00007ff616501000 	C:\Program Files\Android\Android Studio\jre\bin\java.exe
0x00007ffa104e0000 - 0x00007ffa106c1000 	C:\WINDOWS\SYSTEM32\ntdll.dll
0x00007ffa0e360000 - 0x00007ffa0e412000 	C:\WINDOWS\System32\KERNEL32.DLL
0x00007ffa0c8b0000 - 0x00007ffa0cb23000 	C:\WINDOWS\System32\KERNELBASE.dll
0x00007ffa103e0000 - 0x00007ffa10481000 	C:\WINDOWS\System32\ADVAPI32.dll
0x00007ffa0dd80000 - 0x00007ffa0de1e000 	C:\WINDOWS\System32\msvcrt.dll
0x00007ffa10210000 - 0x00007ffa1026b000 	C:\WINDOWS\System32\sechost.dll
0x00007ffa0df00000 - 0x00007ffa0e024000 	C:\WINDOWS\System32\RPCRT4.dll
0x00007ffa0fb90000 - 0x00007ffa0fd20000 	C:\WINDOWS\System32\USER32.dll
0x00007ffa0ce50000 - 0x00007ffa0ce70000 	C:\WINDOWS\System32\win32u.dll
0x00007ffa0e420000 - 0x00007ffa0e448000 	C:\WINDOWS\System32\GDI32.dll
0x00007ffa0ccb0000 - 0x00007ffa0ce42000 	C:\WINDOWS\System32\gdi32full.dll
0x00007ffa0cbb0000 - 0x00007ffa0cc4f000 	C:\WINDOWS\System32\msvcp_win.dll
0x00007ffa0ce70000 - 0x00007ffa0cf68000 	C:\WINDOWS\System32\ucrtbase.dll
0x00007ff9fef30000 - 0x00007ff9ff199000 	C:\WINDOWS\WinSxS\amd64_microsoft.windows.common-controls_6595b64144ccf1df_6.0.17134.648_none_fb45a0e93062a6d2\COMCTL32.dll
0x00007ffa0e030000 - 0x00007ffa0e352000 	C:\WINDOWS\System32\combase.dll
0x00007ffa0cb30000 - 0x00007ffa0cbaa000 	C:\WINDOWS\System32\bcryptPrimitives.dll
0x00007ffa101e0000 - 0x00007ffa1020d000 	C:\WINDOWS\System32\IMM32.DLL
0x000000005d940000 - 0x000000005da12000 	C:\Program Files\Android\Android Studio\jre\jre\bin\msvcr100.dll
0x000000005e4b0000 - 0x000000005ecf1000 	C:\Program Files\Android\Android Studio\jre\jre\bin\server\jvm.dll
0x00007ffa0def0000 - 0x00007ffa0def8000 	C:\WINDOWS\System32\PSAPI.DLL
0x00007ffa0a0c0000 - 0x00007ffa0a0e3000 	C:\WINDOWS\SYSTEM32\WINMM.dll
0x00007ffa01000000 - 0x00007ffa01009000 	C:\WINDOWS\SYSTEM32\WSOCK32.dll
0x00007ff9fdd80000 - 0x00007ff9fdd8a000 	C:\WINDOWS\SYSTEM32\VERSION.dll
0x00007ffa10270000 - 0x00007ffa102dc000 	C:\WINDOWS\System32\WS2_32.dll
0x00007ffa0a090000 - 0x00007ffa0a0ba000 	C:\WINDOWS\SYSTEM32\winmmbase.dll
0x00007ffa0cf70000 - 0x00007ffa0cfb9000 	C:\WINDOWS\System32\cfgmgr32.dll
0x00007ffa00ff0000 - 0x00007ffa00fff000 	C:\Program Files\Android\Android Studio\jre\jre\bin\verify.dll
0x00007ff9fd7e0000 - 0x00007ff9fd809000 	C:\Program Files\Android\Android Studio\jre\jre\bin\java.dll
0x00007ff9fd7c0000 - 0x00007ff9fd7d6000 	C:\Program Files\Android\Android Studio\jre\jre\bin\zip.dll
0x00007ffa0e450000 - 0x00007ffa0f890000 	C:\WINDOWS\System32\SHELL32.dll
0x00007ffa0db70000 - 0x00007ffa0dc19000 	C:\WINDOWS\System32\shcore.dll
0x00007ffa0d260000 - 0x00007ffa0d96d000 	C:\WINDOWS\System32\windows.storage.dll
0x00007ffa0db10000 - 0x00007ffa0db61000 	C:\WINDOWS\System32\shlwapi.dll
0x00007ffa0c890000 - 0x00007ffa0c8a1000 	C:\WINDOWS\System32\kernel.appcore.dll
0x00007ffa0c810000 - 0x00007ffa0c82f000 	C:\WINDOWS\System32\profapi.dll
0x00007ffa0c840000 - 0x00007ffa0c88c000 	C:\WINDOWS\System32\powrprof.dll
0x00007ffa0c830000 - 0x00007ffa0c83a000 	C:\WINDOWS\System32\FLTLIB.DLL
0x00007ff9fd7a0000 - 0x00007ff9fd7ba000 	C:\Program Files\Android\Android Studio\jre\jre\bin\net.dll
0x00007ffa0bcb0000 - 0x00007ffa0bd16000 	C:\WINDOWS\system32\mswsock.dll
0x00007ff9fc0c0000 - 0x00007ff9fc0d1000 	C:\Program Files\Android\Android Studio\jre\jre\bin\nio.dll
0x00007ff9e8240000 - 0x00007ff9e825e000 	C:\Users\ADMIN\.gradle\native\25\windows-amd64\native-platform.dll
0x00007ffa07e60000 - 0x00007ffa07e6d000 	C:\Program Files\Android\Android Studio\jre\jre\bin\management.dll
0x00007ffa0c4b0000 - 0x00007ffa0c4c7000 	C:\WINDOWS\SYSTEM32\CRYPTSP.dll
0x00007ffa0b890000 - 0x00007ffa0b8c3000 	C:\WINDOWS\system32\rsaenh.dll
0x00007ffa0c240000 - 0x00007ffa0c265000 	C:\WINDOWS\SYSTEM32\bcrypt.dll
0x00007ffa0c6f0000 - 0x00007ffa0c718000 	C:\WINDOWS\SYSTEM32\USERENV.dll
0x00007ffa0be60000 - 0x00007ffa0be6b000 	C:\WINDOWS\SYSTEM32\CRYPTBASE.dll
0x00007ffa0ba30000 - 0x00007ffa0ba68000 	C:\WINDOWS\SYSTEM32\IPHLPAPI.DLL
0x00007ffa101d0000 - 0x00007ffa101d8000 	C:\WINDOWS\System32\NSI.dll
0x00007ffa01200000 - 0x00007ffa01216000 	C:\WINDOWS\SYSTEM32\dhcpcsvc6.DLL
0x00007ffa011e0000 - 0x00007ffa011fa000 	C:\WINDOWS\SYSTEM32\dhcpcsvc.DLL

VM Arguments:
jvm_args: -Xmx1536m -Dfile.encoding=windows-1252 -Duser.country=FR -Duser.language=fr -Duser.variant 
java_command: org.gradle.launcher.daemon.bootstrap.GradleDaemon 4.6
java_class_path (initial): C:\Users\ADMIN\.gradle\wrapper\dists\gradle-4.6-all\bcst21l2brirad8k2ben1letg\gradle-4.6\lib\gradle-launcher-4.6.jar
Launcher Type: SUN_STANDARD

Environment Variables:
JAVA_HOME=C:\Program Files\Java\jdk1.8.0_191
PATH=C:\Program Files (x86)\Python37-32\Scripts\;C:\Program Files (x86)\Python37-32\;C:\Program Files (x86)\Common Files\Oracle\Java\javapath;C:\WINDOWS\system32;C:\WINDOWS;C:\WINDOWS\System32\Wbem;C:\WINDOWS\System32\WindowsPowerShell\v1.0\;C:\Program Files\Git\cmd;C:\Program Files\nodejs\;C:\gradle\gradle-5.0\bin;C:\ToolBox\Maven\apache-maven-3.6.0\bin;C:\WINDOWS\System32\OpenSSH\;C:\Users\ADMIN\AppData\Local\Android\Sdk\platform-tools;C:\Users\ADMIN\AppData\Local\Android\Sdk\tools;C:\Program Files\Java\jdk1.8.0_191;C:\xampp\php;C:\ProgramData\ComposerSetup\bin;C:\Program Files\dotnet\;C:\Program Files\Microsoft SQL Server\130\Tools\Binn\;C:\Program Files (x86)\Microsoft SQL Server\Client SDK\ODBC\130\Tools\Binn\;C:\Program Files (x86)\Microsoft SQL Server\140\Tools\Binn\;C:\Program Files (x86)\Microsoft SQL Server\140\DTS\Binn\;C:\Program Files (x86)\Microsoft SQL Server\140\Tools\Binn\ManagementStudio\;C:\Program Files\Microsoft SQL Server\120\DTS\Binn\;C:\Program Files\Microsoft SQL Server\Client SDK\ODBC\110\Tools\Binn\;C:\Program Files (x86)\Microsoft SQL Server\120\Tools\Binn\;C:\Program Files\Microsoft SQL Server\120\Tools\Binn\;C:\Program Files (x86)\Microsoft SQL Server\120\Tools\Binn\ManagementStudio\;C:\Program Files (x86)\Microsoft SQL Server\120\DTS\Binn\;C:\Program Files\MongoDB\Server\4.0\bin;C:\Users\ADMIN\AppData\Roaming\npm;C:\Users\ADMIN\AppData\Local\Programs\Microsoft VS Code\bin;C:\Program Files\Docker Toolbox;C:\Program Files\JetBrains\IntelliJ IDEA 2018.3.1\bin;;C:\Users\ADMIN\AppData\Local\Microsoft\WindowsApps;C:\Users\ADMIN\AppData\Roaming\Composer\vendor\bin;C:\kube;C:\Users\ADMIN\AppData\Local\Yarn\bin;C:\Program Files (x86)\Yarn\bin;
USERNAME=ADMIN
OS=Windows_NT
PROCESSOR_IDENTIFIER=Intel64 Family 6 Model 69 Stepping 1, GenuineIntel



---------------  S Y S T E M  ---------------

OS: Windows 10.0 , 64 bit Build 17134 (10.0.17134.648)

CPU:total 4 (initial active 4) (2 cores per cpu, 2 threads per core) family 6 model 69 stepping 1, cmov, cx8, fxsr, mmx, sse, sse2, sse3, ssse3, sse4.1, sse4.2, popcnt, avx, avx2, aes, clmul, erms, lzcnt, ht, tsc, tscinvbit, bmi1, bmi2

Memory: 4k page, physical 8291828k(997892k free), swap 9340404k(3128k free)

vm_info: OpenJDK 64-Bit Server VM (25.152-b06) for windows-amd64 JRE (1.8.0_152-release-1136-b06), built by "builder" with MS VC++ 10.0 (VS2010)

time: Sat Mar 16 13:19:00 2019
elapsed time: 19 seconds (0d 0h 0m 19s)

